<?xml version="1.0" encoding="UTF-8"?>
<!-- Generated by org.testng.reporters.JUnitReportReporter -->
<testsuite hostname="MSI" failures="0" tests="2" name="com.runner.ormapp.TestRunner1" time="42.252" errors="0" timestamp="2025-05-19T22:51:12 IST" skipped="0">
  <testcase classname="com.runner.ormapp.TestRunner1" name="runScenario" time="21.492"/>
  <testcase classname="com.runner.ormapp.TestRunner1" name="runScenario" time="20.760"/>
</testsuite> <!-- com.runner.ormapp.TestRunner1 -->
